Classic Timing Analyzer report for ULA
Thu Apr 04 15:57:47 2019
Quartus II Version 9.1 Build 350 03/24/2010 Service Pack 2 SJ Web Edition


---------------------
; Table of Contents ;
---------------------
  1. Legal Notice
  2. Timing Analyzer Summary
  3. Timing Analyzer Settings
  4. Parallel Compilation
  5. tpd
  6. Timing Analyzer Messages



----------------
; Legal Notice ;
----------------
Copyright (C) 1991-2010 Altera Corporation
Your use of Altera Corporation's design tools, logic functions 
and other software and tools, and its AMPP partner logic 
functions, and any output files from any of the foregoing 
(including device programming or simulation files), and any 
associated documentation or information are expressly subject 
to the terms and conditions of the Altera Program License 
Subscription Agreement, Altera MegaCore Function License 
Agreement, or other applicable license agreement, including, 
without limitation, that your use is for the sole purpose of 
programming logic devices manufactured by Altera and sold by 
Altera or its authorized distributors.  Please refer to the 
applicable agreement for further details.



+--------------------------------------------------------------------------------------------------------------------------------+
; Timing Analyzer Summary                                                                                                        ;
+------------------------------+-------+---------------+-------------+------+-------------+------------+----------+--------------+
; Type                         ; Slack ; Required Time ; Actual Time ; From ; To          ; From Clock ; To Clock ; Failed Paths ;
+------------------------------+-------+---------------+-------------+------+-------------+------------+----------+--------------+
; Worst-case tpd               ; N/A   ; None          ; 12.779 ns   ; B[2] ; Resposta[3] ; --         ; --       ; 0            ;
; Total number of failed paths ;       ;               ;             ;      ;             ;            ;          ; 0            ;
+------------------------------+-------+---------------+-------------+------+-------------+------------+----------+--------------+


+-----------------------------------------------------------------------------------------------------------------------------------------------------+
; Timing Analyzer Settings                                                                                                                            ;
+------------------------------------------------------------------------------------------------------+--------------------+------+----+-------------+
; Option                                                                                               ; Setting            ; From ; To ; Entity Name ;
+------------------------------------------------------------------------------------------------------+--------------------+------+----+-------------+
; Device Name                                                                                          ; EP2S15F484C3       ;      ;    ;             ;
; Timing Models                                                                                        ; Final              ;      ;    ;             ;
; Default hold multicycle                                                                              ; Same as Multicycle ;      ;    ;             ;
; Cut paths between unrelated clock domains                                                            ; On                 ;      ;    ;             ;
; Cut off read during write signal paths                                                               ; On                 ;      ;    ;             ;
; Cut off feedback from I/O pins                                                                       ; On                 ;      ;    ;             ;
; Report Combined Fast/Slow Timing                                                                     ; Off                ;      ;    ;             ;
; Ignore Clock Settings                                                                                ; Off                ;      ;    ;             ;
; Analyze latches as synchronous elements                                                              ; On                 ;      ;    ;             ;
; Enable Recovery/Removal analysis                                                                     ; Off                ;      ;    ;             ;
; Enable Clock Latency                                                                                 ; Off                ;      ;    ;             ;
; Use TimeQuest Timing Analyzer                                                                        ; Off                ;      ;    ;             ;
; Number of source nodes to report per destination node                                                ; 10                 ;      ;    ;             ;
; Number of destination nodes to report                                                                ; 10                 ;      ;    ;             ;
; Number of paths to report                                                                            ; 200                ;      ;    ;             ;
; Report Minimum Timing Checks                                                                         ; Off                ;      ;    ;             ;
; Use Fast Timing Models                                                                               ; Off                ;      ;    ;             ;
; Report IO Paths Separately                                                                           ; Off                ;      ;    ;             ;
; Perform Multicorner Analysis                                                                         ; On                 ;      ;    ;             ;
; Reports the worst-case path for each clock domain and analysis                                       ; Off                ;      ;    ;             ;
; Reports worst-case timing paths for each clock domain and analysis                                   ; Off                ;      ;    ;             ;
; Specifies the maximum number of worst-case timing paths to report for each clock domain and analysis ; 100                ;      ;    ;             ;
; Removes common clock path pessimism (CCPP) during slack computation                                  ; Off                ;      ;    ;             ;
; Output I/O Timing Endpoint                                                                           ; Near End           ;      ;    ;             ;
+------------------------------------------------------------------------------------------------------+--------------------+------+----+-------------+


+------------------------------------------+
; Parallel Compilation                     ;
+----------------------------+-------------+
; Processors                 ; Number      ;
+----------------------------+-------------+
; Number detected on machine ; 4           ;
; Maximum allowed            ; 4           ;
;                            ;             ;
; Average used               ; 1.00        ;
; Maximum used               ; 1           ;
;                            ;             ;
; Usage by Processor         ; % Time Used ;
;     1 processor            ; 100.0%      ;
;     2-4 processors         ;   0.0%      ;
+----------------------------+-------------+


+------------------------------------------------------------------+
; tpd                                                              ;
+-------+-------------------+-----------------+------+-------------+
; Slack ; Required P2P Time ; Actual P2P Time ; From ; To          ;
+-------+-------------------+-----------------+------+-------------+
; N/A   ; None              ; 12.779 ns       ; B[2] ; Resposta[3] ;
; N/A   ; None              ; 12.408 ns       ; B[1] ; Resposta[3] ;
; N/A   ; None              ; 12.401 ns       ; B[1] ; Resposta[2] ;
; N/A   ; None              ; 12.308 ns       ; B[0] ; Resposta[3] ;
; N/A   ; None              ; 12.301 ns       ; B[0] ; Resposta[2] ;
; N/A   ; None              ; 11.663 ns       ; A[0] ; Resposta[2] ;
; N/A   ; None              ; 11.655 ns       ; A[1] ; Resposta[2] ;
; N/A   ; None              ; 11.543 ns       ; A[1] ; Resposta[3] ;
; N/A   ; None              ; 11.089 ns       ; A[0] ; Resposta[3] ;
; N/A   ; None              ; 11.043 ns       ; B[2] ; Resposta[2] ;
; N/A   ; None              ; 10.700 ns       ; S[1] ; Resposta[2] ;
; N/A   ; None              ; 10.680 ns       ; S[1] ; Resposta[3] ;
; N/A   ; None              ; 10.529 ns       ; A[2] ; Resposta[3] ;
; N/A   ; None              ; 10.486 ns       ; A[2] ; Resposta[2] ;
; N/A   ; None              ; 10.120 ns       ; B[3] ; Resposta[3] ;
; N/A   ; None              ; 10.089 ns       ; A[3] ; Resposta[3] ;
; N/A   ; None              ; 10.080 ns       ; S[0] ; Resposta[2] ;
; N/A   ; None              ; 10.057 ns       ; S[0] ; Resposta[3] ;
; N/A   ; None              ; 9.970 ns        ; S[2] ; Resposta[2] ;
; N/A   ; None              ; 9.947 ns        ; S[2] ; Resposta[3] ;
; N/A   ; None              ; 9.884 ns        ; B[1] ; Resposta[1] ;
; N/A   ; None              ; 9.802 ns        ; S[1] ; Resposta[1] ;
; N/A   ; None              ; 9.688 ns        ; B[0] ; Resposta[1] ;
; N/A   ; None              ; 9.502 ns        ; S[2] ; Resposta[1] ;
; N/A   ; None              ; 9.377 ns        ; A[0] ; Resposta[0] ;
; N/A   ; None              ; 9.338 ns        ; A[0] ; Resposta[1] ;
; N/A   ; None              ; 9.336 ns        ; B[0] ; Resposta[0] ;
; N/A   ; None              ; 9.144 ns        ; A[1] ; Resposta[1] ;
; N/A   ; None              ; 9.054 ns        ; S[0] ; Resposta[0] ;
; N/A   ; None              ; 9.039 ns        ; S[1] ; Resposta[0] ;
; N/A   ; None              ; 8.679 ns        ; S[2] ; Resposta[0] ;
; N/A   ; None              ; 8.366 ns        ; S[0] ; Resposta[1] ;
+-------+-------------------+-----------------+------+-------------+


+--------------------------+
; Timing Analyzer Messages ;
+--------------------------+
Info: *******************************************************************
Info: Running Quartus II Classic Timing Analyzer
    Info: Version 9.1 Build 350 03/24/2010 Service Pack 2 SJ Web Edition
    Info: Processing started: Thu Apr 04 15:57:47 2019
Info: Command: quartus_tan --read_settings_files=off --write_settings_files=off ULA -c ULA --timing_analysis_only
Info: Parallel compilation is enabled and will use 4 of the 4 processors detected
Info: Longest tpd from source pin "B[2]" to destination pin "Resposta[3]" is 12.779 ns
    Info: 1: + IC(0.000 ns) + CELL(0.837 ns) = 0.837 ns; Loc. = PIN_Y14; Fanout = 7; PIN Node = 'B[2]'
    Info: 2: + IC(5.476 ns) + CELL(0.225 ns) = 6.538 ns; Loc. = LCCOMB_X25_Y20_N18; Fanout = 1; COMB Node = 'c2b:inst4|adder:inst8|inst'
    Info: 3: + IC(1.413 ns) + CELL(0.357 ns) = 8.308 ns; Loc. = LCCOMB_X39_Y21_N20; Fanout = 1; COMB Node = 'mux5incompleto:inst|inst12~0'
    Info: 4: + IC(0.239 ns) + CELL(0.272 ns) = 8.819 ns; Loc. = LCCOMB_X39_Y21_N8; Fanout = 1; COMB Node = 'mux5incompleto:inst|inst12~1'
    Info: 5: + IC(1.978 ns) + CELL(1.982 ns) = 12.779 ns; Loc. = PIN_AB7; Fanout = 0; PIN Node = 'Resposta[3]'
    Info: Total cell delay = 3.673 ns ( 28.74 % )
    Info: Total interconnect delay = 9.106 ns ( 71.26 % )
Info: Quartus II Classic Timing Analyzer was successful. 0 errors, 0 warnings
    Info: Peak virtual memory: 238 megabytes
    Info: Processing ended: Thu Apr 04 15:57:47 2019
    Info: Elapsed time: 00:00:00
    Info: Total CPU time (on all processors): 00:00:00


